GROUP,PACKAGE,CLASS,INSTRUCTION_MISSED,INSTRUCTION_COVERED,BRANCH_MISSED,BRANCH_COVERED,LINE_MISSED,LINE_COVERED,COMPLEXITY_MISSED,COMPLEXITY_COVERED,METHOD_MISSED,METHOD_COVERED
DAQExpert,rcms.utilities.daqexpert.notifications,FinishNotification,31,0,0,0,13,0,9,0,9,0
DAQExpert,rcms.utilities.daqexpert.notifications,Notification,97,0,0,0,30,0,20,0,20,0
DAQExpert,rcms.utilities.daqexpert.persistence,Point,4,50,0,0,2,15,1,11,1,11
DAQExpert,rcms.utilities.daqexpert.persistence,LogicModuleRegistry,5,547,0,0,0,45,1,8,1,8
DAQExpert,rcms.utilities.daqexpert.persistence,EventProducer,4,0,0,0,2,0,2,0,2,0
DAQExpert,rcms.utilities.daqexpert.persistence,TinyEntryMapObject,36,28,0,0,6,12,4,8,4,8
DAQExpert,rcms.utilities.daqexpert.persistence,PersistenceManager,463,480,15,11,95,118,16,17,6,12
DAQExpert,rcms.utilities.daqexpert.persistence,Condition,144,270,35,11,38,61,27,31,7,28
DAQExpert,rcms.utilities.daqexpert.reasoning.logic.failures,KnownFailure,0,6,0,0,0,3,0,1,0,1
DAQExpert,rcms.utilities.daqexpert.reasoning.logic.failures,FlowchartCase6,0,200,4,24,0,36,4,13,0,3
DAQExpert,rcms.utilities.daqexpert.reasoning.logic.failures,FlowchartCase3,0,131,0,16,0,27,0,10,0,2
DAQExpert,rcms.utilities.daqexpert.reasoning.logic.failures,FlowchartCase2,0,178,3,23,0,42,3,13,0,3
DAQExpert,rcms.utilities.daqexpert.reasoning.logic.failures,FlowchartCase5,0,204,4,24,0,38,4,12,0,2
DAQExpert,rcms.utilities.daqexpert.reasoning.logic.failures,FlowchartCase4,14,104,1,13,3,20,1,8,0,2
DAQExpert,rcms.utilities.daqexpert.reasoning.logic.failures,FlowchartCase1,27,188,6,14,9,46,7,6,1,2
DAQExpert,rcms.utilities.daqexpert.reasoning.logic.basic,SubsystemSoftError,8,66,1,9,2,18,1,6,0,2
DAQExpert,rcms.utilities.daqexpert.reasoning.logic.basic,LongTransition,0,58,0,6,0,18,0,5,0,2
DAQExpert,rcms.utilities.daqexpert.reasoning.logic.basic,Deadtime,50,62,1,3,7,17,1,4,0,3
DAQExpert,rcms.utilities.daqexpert.reasoning.logic.basic,StableBeams,2,19,1,1,1,7,1,2,0,2
DAQExpert,rcms.utilities.daqexpert.reasoning.logic.basic,AvoidableDowntime,30,0,2,0,9,0,3,0,2,0
DAQExpert,rcms.utilities.daqexpert.reasoning.logic.basic,FEDDeadtime,40,121,0,12,5,33,0,9,0,3
DAQExpert,rcms.utilities.daqexpert.reasoning.logic.basic,NoRateWhenExpected,3,64,1,7,1,18,1,5,0,2
DAQExpert,rcms.utilities.daqexpert.reasoning.logic.basic,SubsystemError,8,66,1,9,2,18,1,6,0,2
DAQExpert,rcms.utilities.daqexpert.reasoning.logic.basic,Transition,0,58,0,6,0,18,0,5,0,2
DAQExpert,rcms.utilities.daqexpert.reasoning.logic.basic,ExpectedRate,10,92,10,20,0,19,10,7,0,2
DAQExpert,rcms.utilities.daqexpert.reasoning.logic.basic,Downtime,0,34,1,3,0,10,1,3,0,2
DAQExpert,rcms.utilities.daqexpert.reasoning.logic.basic,CriticalDeadtime,0,49,0,6,0,14,0,5,0,2
DAQExpert,rcms.utilities.daqexpert.reasoning.logic.basic,NoRate,0,22,0,2,0,8,0,3,0,2
DAQExpert,rcms.utilities.daqexpert.reasoning.logic.basic,WarningInSubsystem,0,99,0,12,0,23,0,8,0,2
DAQExpert,rcms.utilities.daqexpert.reasoning.logic.basic,BeamActive,2,45,9,9,1,12,9,2,0,2
DAQExpert,rcms.utilities.daqexpert.reasoning.logic.basic,RateOutOfRange,40,70,1,3,5,16,1,4,0,3
DAQExpert,rcms.utilities.daqexpert.reasoning.logic.basic,SubsystemRunningDegraded,8,66,1,9,2,18,1,6,0,2
DAQExpert,rcms.utilities.daqexpert.reasoning.logic.basic,PartitionDeadtime,40,111,0,10,5,32,0,8,0,3
DAQExpert,rcms.utilities.daqexpert.reasoning.logic.basic,RunOngoing,0,87,7,21,0,19,7,9,0,2
DAQExpert,rcms.utilities.daqexpert.servlets,DummyDAQ,23,62,1,1,2,20,2,9,1,9
DAQExpert,rcms.utilities.daqexpert.servlets,ScriptsExperimentalAPI,105,0,2,0,25,0,5,0,4,0
DAQExpert,rcms.utilities.daqexpert.servlets,RaportAPI,112,0,0,0,26,0,4,0,4,0
DAQExpert,rcms.utilities.daqexpert.servlets,DashboardServlet,15,0,0,0,5,0,3,0,3,0
DAQExpert,rcms.utilities.daqexpert.servlets,RawAPI,110,0,0,0,24,0,4,0,4,0
DAQExpert,rcms.utilities.daqexpert.servlets,ReasonsAPI,206,0,8,0,45,0,8,0,4,0
DAQExpert,rcms.utilities.daqexpert.servlets,SnapshotAPI,149,0,0,0,31,0,4,0,4,0
DAQExpert,rcms.utilities.daqexpert.servlets,ServletListener,167,0,6,0,41,0,7,0,4,0
DAQExpert,rcms.utilities.daqexpert.servlets,ExperimentApi,170,0,0,0,43,0,4,0,4,0
DAQExpert,rcms.utilities.daqexpert.segmentation,DataResolutionManager,9,120,0,2,3,22,3,6,3,5
DAQExpert,rcms.utilities.daqexpert.segmentation,StreamProcessor,17,114,0,0,7,22,5,5,5,5
DAQExpert,rcms.utilities.daqexpert.segmentation,DataResolution,8,83,0,0,1,10,2,3,2,3
DAQExpert,rcms.utilities.daqexpert.segmentation,SegmentationSettings,21,79,0,0,1,17,2,5,2,5
DAQExpert,rcms.utilities.daqexpert.segmentation,RangeResolver,39,0,8,0,11,0,6,0,2,0
DAQExpert,rcms.utilities.daqexpert.segmentation,LinearSegmentator,10,285,3,13,3,49,4,10,1,5
DAQExpert,rcms.utilities.daqexpert.segmentation,DAQConverter,3,52,0,0,1,12,1,2,1,2
DAQExpert,rcms.utilities.daqexpert.reasoning.base.enums,ConditionGroup,11,357,0,0,2,37,3,4,3,4
DAQExpert,rcms.utilities.daqexpert.reasoning.base.enums,TTSState,31,134,3,11,6,18,6,8,3,4
DAQExpert,rcms.utilities.daqexpert.reasoning.base.enums,ConditionPriority,5,108,0,0,0,13,1,4,1,4
DAQExpert,rcms.utilities.daqexpert.reasoning.base.enums,LHCBeamMode,23,242,1,1,2,27,3,4,2,4
DAQExpert,rcms.utilities.daqexpert.reasoning.base.enums,EntryState,21,49,0,0,1,9,2,2,2,2
DAQExpert,rcms.utilities.daqexpert.events,ConditionEventResource,45,69,0,0,5,29,2,20,2,20
DAQExpert,rcms.utilities.daqexpert.events,EventCollector,23,186,6,14,5,40,4,12,1,5
DAQExpert,rcms.utilities.daqexpert.events,EventType,11,79,0,0,2,10,3,3,3,3
DAQExpert,rcms.utilities.daqexpert.events,EventSender,101,189,1,7,21,48,1,10,0,7
DAQExpert,rcms.utilities.daqexpert.events,EventPrinter,60,0,12,0,15,0,12,0,6,0
DAQExpert,rcms.utilities.daqexpert.events,EventSenderType,5,45,0,0,0,3,1,3,1,3
DAQExpert,rcms.utilities.daqexpert.events,ConditionEvent,54,79,1,1,9,26,8,9,7,9
DAQExpert,rcms.utilities.daqexpert.reasoning.base.action,SimpleAction,3,7,0,0,1,3,1,1,1,1
DAQExpert,rcms.utilities.daqexpert.reasoning.base.action,ConditionalAction,18,55,2,2,4,13,3,4,1,4
DAQExpert,rcms.utilities.daqexpert.reasoning.base,LogicModule,12,19,0,0,6,7,3,6,3,6
DAQExpert,rcms.utilities.daqexpert.reasoning.base,Context,39,277,6,16,8,50,5,17,0,11
DAQExpert,rcms.utilities.daqexpert.reasoning.base,ActionLogicModule,4,6,0,0,2,2,1,2,1,2
DAQExpert,rcms.utilities.daqexpert.reasoning.base,SimpleLogicModule,0,3,0,0,0,1,0,1,0,1
DAQExpert,rcms.utilities.daqexpert.reasoning.base,ContextLogicModule,0,11,0,0,0,4,0,2,0,2
DAQExpert,rcms.utilities.daqexpert.reasoning.base,ComparatorLogicModule,4,45,0,6,2,14,1,7,1,4
DAQExpert,rcms.utilities.daqexpert.websocket,ConditionDashboard,40,330,8,46,11,80,10,33,2,14
DAQExpert,rcms.utilities.daqexpert.websocket,ConditionWebSocketServer,46,0,0,0,13,0,6,0,6,0
DAQExpert,rcms.utilities.daqexpert.websocket,ConditionSessionHandler,520,0,32,0,100,0,30,0,14,0
DAQExpert,rcms.utilities.daqexpert,ExpertPersistorManager,219,0,12,0,50,0,11,0,5,0
DAQExpert,rcms.utilities.daqexpert,ExpertExceptionCode,27,99,0,0,3,14,4,2,4,2
DAQExpert,rcms.utilities.daqexpert,DataManager,33,205,3,9,5,44,5,8,2,5
DAQExpert,rcms.utilities.daqexpert,Setting,5,246,0,0,0,27,1,5,1,5
DAQExpert,rcms.utilities.daqexpert,Application,61,126,4,6,12,33,6,13,2,12
DAQExpert,rcms.utilities.daqexpert,ExpertException,3,7,0,0,1,3,1,1,1,1
DAQExpert,rcms.utilities.daqexpert.reasoning.logic.comparators,LevelZeroStateComparator,0,42,0,2,0,12,0,4,0,3
DAQExpert,rcms.utilities.daqexpert.reasoning.logic.comparators,DAQStateComparator,0,42,0,2,0,12,0,4,0,3
DAQExpert,rcms.utilities.daqexpert.reasoning.logic.comparators,LHCBeamModeComparator,3,54,1,3,1,14,1,4,0,3
DAQExpert,rcms.utilities.daqexpert.reasoning.logic.comparators,LHCMachineModeComparator,0,45,0,2,0,12,0,4,0,3
DAQExpert,rcms.utilities.daqexpert.reasoning.logic.comparators,RunComparator,0,46,0,2,0,12,0,4,0,3
DAQExpert,rcms.utilities.daqexpert.reasoning.logic.comparators,TCDSStateComparator,0,56,1,7,0,16,1,6,0,3
DAQExpert,rcms.utilities.daqexpert.reasoning.logic.comparators,SessionComparator,0,49,0,2,0,12,0,4,0,3
DAQExpert,rcms.utilities.daqexpert.processing,ForwardReaderJob,21,107,1,7,6,22,1,7,0,4
DAQExpert,rcms.utilities.daqexpert.processing,OnDemandReaderJob,10,200,5,3,4,37,5,6,1,6
DAQExpert,rcms.utilities.daqexpert.processing,PriorityFutureComparator,34,3,12,0,9,1,7,1,1,1
DAQExpert,rcms.utilities.daqexpert.processing,DataPrepareJob,48,207,9,9,12,45,8,5,1,3
DAQExpert,rcms.utilities.daqexpert.processing,RunConfigurator,44,44,2,2,9,16,2,3,0,3
DAQExpert,rcms.utilities.daqexpert.processing,JobManager,158,298,10,8,38,68,11,5,2,5
DAQExpert,rcms.utilities.daqexpert.processing,JobManager.new ThreadPoolExecutor() {...},0,23,0,0,0,4,0,2,0,2
DAQExpert,rcms.utilities.daqexpert.processing,SortedArrayList,0,52,0,6,0,9,0,6,0,3
DAQExpert,rcms.utilities.daqexpert.processing,ProcessJob,49,238,6,10,11,51,6,6,0,4
DAQExpert,rcms.utilities.daqexpert.processing,JobScheduler,43,52,0,0,14,13,2,4,2,4
DAQExpert,rcms.utilities.daqexpert.processing,DataStream,21,29,0,0,1,2,2,2,2,2
DAQExpert,rcms.utilities.daqexpert.processing,PriorityFuture,20,17,0,0,5,7,5,3,5,3
DAQExpert,rcms.utilities.daqexpert.reasoning.logic.experimental,SimpleSketchLogicModule,27,0,2,0,9,0,3,0,2,0
DAQExpert,rcms.utilities.daqexpert.reasoning.logic.experimental,NotEqualTriggersInFed,65,0,10,0,14,0,7,0,2,0
DAQExpert,rcms.utilities.daqexpert.reasoning.logic.experimental,SketchLogicModule,14,0,0,0,6,0,2,0,2,0
DAQExpert,rcms.utilities.daqexpert.reasoning.logic.experimental,EVMComparator,111,0,14,0,25,0,10,0,3,0
DAQExpert,rcms.utilities.daqexpert.reasoning.logic.experimental,EvmEnabled,36,0,2,0,11,0,3,0,2,0
DAQExpert,rcms.utilities.daqexpert.reasoning.logic.experimental,EvenMinutesExample,27,0,2,0,9,0,3,0,2,0
DAQExpert,rcms.utilities.daqexpert.reasoning.processing,ExperimentalProcessor,376,21,20,0,71,6,19,2,9,2
DAQExpert,rcms.utilities.daqexpert.reasoning.processing,ConditionProducer,109,353,9,25,20,82,10,21,5,9
DAQExpert,rcms.utilities.daqexpert.reasoning.processing,SnapshotProcessor,15,66,0,2,5,13,3,4,3,3
DAQExpert,rcms.utilities.daqexpert.reasoning.processing,LogicModuleManager,54,288,5,21,10,56,5,15,1,6
